<?xml version="1.0" encoding="UTF-8"?>
<testng-results ignored="0" total="2" passed="2" failed="0" skipped="0">
  <reporter-output>
  </reporter-output>
  <suite started-at="2024-10-03T22:06:46 IST" name="Suite" finished-at="2024-10-03T22:06:53 IST" duration-ms="7193">
    <groups>
    </groups>
    <test started-at="2024-10-03T22:06:46 IST" name="Test" finished-at="2024-10-03T22:06:53 IST" duration-ms="7193">
      <class name="tests.GmailTests">
        <test-method is-config="true" signature="setup()[pri:0, instance:tests.GmailTests@45752059]" started-at="2024-10-03T22:06:46 IST" name="setup" finished-at="2024-10-03T22:06:51 IST" duration-ms="5466" status="PASS">
          <reporter-output>
          </reporter-output>
        </test-method> <!-- setup -->
        <test-method signature="testLogin(java.lang.String,java.lang.String)[pri:0, instance:tests.GmailTests@45752059]" started-at="2024-10-03T22:06:51 IST" name="testLogin" data-provider="gmailData" finished-at="2024-10-03T22:06:52 IST" duration-ms="257" status="PASS">
          <params>
            <param index="0">
              <value>
                <![CDATA[email]]>
              </value>
            </param>
            <param index="1">
              <value>
                <![CDATA[password]]>
              </value>
            </param>
          </params>
          <reporter-output>
          </reporter-output>
        </test-method> <!-- testLogin -->
        <test-method signature="testLogin(java.lang.String,java.lang.String)[pri:0, instance:tests.GmailTests@45752059]" started-at="2024-10-03T22:06:52 IST" name="testLogin" data-provider="gmailData" finished-at="2024-10-03T22:06:53 IST" duration-ms="1223" status="PASS">
          <params>
            <param index="0">
              <value>
                <![CDATA[techscoopbymiranda@gmail.com]]>
              </value>
            </param>
            <param index="1">
              <value>
                <![CDATA[Mirzkaathu2024#]]>
              </value>
            </param>
          </params>
          <reporter-output>
          </reporter-output>
        </test-method> <!-- testLogin -->
        <test-method is-config="true" signature="tearDown()[pri:0, instance:tests.GmailTests@45752059]" started-at="2024-10-03T22:06:53 IST" name="tearDown" finished-at="2024-10-03T22:06:53 IST" duration-ms="198" status="PASS">
          <reporter-output>
          </reporter-output>
        </test-method> <!-- tearDown -->
      </class> <!-- tests.GmailTests -->
    </test> <!-- Test -->
  </suite> <!-- Suite -->
</testng-results>
